{"total": {"lines":{"total":112,"covered":67,"skipped":0,"pct":59.82},"statements":{"total":117,"covered":68,"skipped":0,"pct":58.11},"functions":{"total":53,"covered":22,"skipped":0,"pct":41.5},"branches":{"total":73,"covered":27,"skipped":0,"pct":36.98},"branchesTrue":{"total":0,"covered":0,"skipped":0,"pct":100}}
,"/Users/metadata/TestingProjects/lisit-challenge/src/DetailHOC.tsx": {"lines":{"total":21,"covered":7,"skipped":0,"pct":33.33},"functions":{"total":9,"covered":3,"skipped":0,"pct":33.33},"statements":{"total":22,"covered":8,"skipped":0,"pct":36.36},"branches":{"total":29,"covered":0,"skipped":0,"pct":0}}
,"/Users/metadata/TestingProjects/lisit-challenge/src/ListHOC.tsx": {"lines":{"total":12,"covered":9,"skipped":0,"pct":75},"functions":{"total":6,"covered":4,"skipped":0,"pct":66.66},"statements":{"total":12,"covered":9,"skipped":0,"pct":75},"branches":{"total":13,"covered":10,"skipped":0,"pct":76.92}}
,"/Users/metadata/TestingProjects/lisit-challenge/src/api/swapi.ts": {"lines":{"total":1,"covered":1,"skipped":0,"pct":100},"functions":{"total":0,"covered":0,"skipped":0,"pct":100},"statements":{"total":1,"covered":1,"skipped":0,"pct":100},"branches":{"total":0,"covered":0,"skipped":0,"pct":100}}
,"/Users/metadata/TestingProjects/lisit-challenge/src/components/Card.tsx": {"lines":{"total":25,"covered":22,"skipped":0,"pct":88},"functions":{"total":5,"covered":5,"skipped":0,"pct":100},"statements":{"total":25,"covered":22,"skipped":0,"pct":88},"branches":{"total":21,"covered":14,"skipped":0,"pct":66.66}}
,"/Users/metadata/TestingProjects/lisit-challenge/src/components/DetailPeople.tsx": {"lines":{"total":1,"covered":0,"skipped":0,"pct":0},"functions":{"total":1,"covered":0,"skipped":0,"pct":0},"statements":{"total":1,"covered":0,"skipped":0,"pct":0},"branches":{"total":0,"covered":0,"skipped":0,"pct":100}}
,"/Users/metadata/TestingProjects/lisit-challenge/src/components/DetailPlanet.tsx": {"lines":{"total":1,"covered":0,"skipped":0,"pct":0},"functions":{"total":1,"covered":0,"skipped":0,"pct":0},"statements":{"total":1,"covered":0,"skipped":0,"pct":0},"branches":{"total":0,"covered":0,"skipped":0,"pct":100}}
,"/Users/metadata/TestingProjects/lisit-challenge/src/components/Header.tsx": {"lines":{"total":17,"covered":15,"skipped":0,"pct":88.23},"functions":{"total":8,"covered":4,"skipped":0,"pct":50},"statements":{"total":19,"covered":15,"skipped":0,"pct":78.94},"branches":{"total":4,"covered":3,"skipped":0,"pct":75}}
,"/Users/metadata/TestingProjects/lisit-challenge/src/components/InputSearch.tsx": {"lines":{"total":10,"covered":4,"skipped":0,"pct":40},"functions":{"total":5,"covered":1,"skipped":0,"pct":20},"statements":{"total":10,"covered":4,"skipped":0,"pct":40},"branches":{"total":2,"covered":0,"skipped":0,"pct":0}}
,"/Users/metadata/TestingProjects/lisit-challenge/src/components/Layout.tsx": {"lines":{"total":2,"covered":2,"skipped":0,"pct":100},"functions":{"total":1,"covered":1,"skipped":0,"pct":100},"statements":{"total":2,"covered":2,"skipped":0,"pct":100},"branches":{"total":0,"covered":0,"skipped":0,"pct":100}}
,"/Users/metadata/TestingProjects/lisit-challenge/src/components/Pagination.tsx": {"lines":{"total":5,"covered":5,"skipped":0,"pct":100},"functions":{"total":2,"covered":2,"skipped":0,"pct":100},"statements":{"total":5,"covered":5,"skipped":0,"pct":100},"branches":{"total":0,"covered":0,"skipped":0,"pct":100}}
,"/Users/metadata/TestingProjects/lisit-challenge/src/components/People.tsx": {"lines":{"total":1,"covered":0,"skipped":0,"pct":0},"functions":{"total":1,"covered":0,"skipped":0,"pct":0},"statements":{"total":1,"covered":0,"skipped":0,"pct":0},"branches":{"total":0,"covered":0,"skipped":0,"pct":100}}
,"/Users/metadata/TestingProjects/lisit-challenge/src/components/Planets.tsx": {"lines":{"total":1,"covered":0,"skipped":0,"pct":0},"functions":{"total":1,"covered":0,"skipped":0,"pct":0},"statements":{"total":1,"covered":0,"skipped":0,"pct":0},"branches":{"total":0,"covered":0,"skipped":0,"pct":100}}
,"/Users/metadata/TestingProjects/lisit-challenge/src/components/Starship.tsx": {"lines":{"total":1,"covered":0,"skipped":0,"pct":0},"functions":{"total":1,"covered":0,"skipped":0,"pct":0},"statements":{"total":1,"covered":0,"skipped":0,"pct":0},"branches":{"total":0,"covered":0,"skipped":0,"pct":100}}
,"/Users/metadata/TestingProjects/lisit-challenge/src/hooks/useSwapi.ts": {"lines":{"total":14,"covered":2,"skipped":0,"pct":14.28},"functions":{"total":12,"covered":2,"skipped":0,"pct":16.66},"statements":{"total":16,"covered":2,"skipped":0,"pct":12.5},"branches":{"total":4,"covered":0,"skipped":0,"pct":0}}
}
