{"total": {"lines":{"total":106,"covered":85,"skipped":0,"pct":80.18},"statements":{"total":111,"covered":89,"skipped":0,"pct":80.18},"functions":{"total":48,"covered":35,"skipped":0,"pct":72.91},"branches":{"total":76,"covered":31,"skipped":0,"pct":40.78},"branchesTrue":{"total":0,"covered":0,"skipped":0,"pct":100}}
,"/Users/metadata/TestingProjects/lisit-challenge/src/DetailHOC.tsx": {"lines":{"total":21,"covered":14,"skipped":0,"pct":66.66},"functions":{"total":9,"covered":5,"skipped":0,"pct":55.55},"statements":{"total":22,"covered":15,"skipped":0,"pct":68.18},"branches":{"total":31,"covered":2,"skipped":0,"pct":6.45}}
,"/Users/metadata/TestingProjects/lisit-challenge/src/ListHOC.tsx": {"lines":{"total":12,"covered":9,"skipped":0,"pct":75},"functions":{"total":6,"covered":4,"skipped":0,"pct":66.66},"statements":{"total":12,"covered":9,"skipped":0,"pct":75},"branches":{"total":14,"covered":11,"skipped":0,"pct":78.57}}
,"/Users/metadata/TestingProjects/lisit-challenge/src/api/swapi.ts": {"lines":{"total":1,"covered":1,"skipped":0,"pct":100},"functions":{"total":0,"covered":0,"skipped":0,"pct":100},"statements":{"total":1,"covered":1,"skipped":0,"pct":100},"branches":{"total":0,"covered":0,"skipped":0,"pct":100}}
,"/Users/metadata/TestingProjects/lisit-challenge/src/components/Card.tsx": {"lines":{"total":6,"covered":6,"skipped":0,"pct":100},"functions":{"total":2,"covered":2,"skipped":0,"pct":100},"statements":{"total":6,"covered":6,"skipped":0,"pct":100},"branches":{"total":13,"covered":9,"skipped":0,"pct":69.23}}
,"/Users/metadata/TestingProjects/lisit-challenge/src/components/Header.tsx": {"lines":{"total":17,"covered":16,"skipped":0,"pct":94.11},"functions":{"total":8,"covered":6,"skipped":0,"pct":75},"statements":{"total":19,"covered":17,"skipped":0,"pct":89.47},"branches":{"total":4,"covered":3,"skipped":0,"pct":75}}
,"/Users/metadata/TestingProjects/lisit-challenge/src/components/InputSearch.tsx": {"lines":{"total":10,"covered":10,"skipped":0,"pct":100},"functions":{"total":5,"covered":5,"skipped":0,"pct":100},"statements":{"total":10,"covered":10,"skipped":0,"pct":100},"branches":{"total":2,"covered":1,"skipped":0,"pct":50}}
,"/Users/metadata/TestingProjects/lisit-challenge/src/components/Layout.tsx": {"lines":{"total":2,"covered":2,"skipped":0,"pct":100},"functions":{"total":1,"covered":1,"skipped":0,"pct":100},"statements":{"total":2,"covered":2,"skipped":0,"pct":100},"branches":{"total":0,"covered":0,"skipped":0,"pct":100}}
,"/Users/metadata/TestingProjects/lisit-challenge/src/components/Pagination.tsx": {"lines":{"total":5,"covered":5,"skipped":0,"pct":100},"functions":{"total":2,"covered":2,"skipped":0,"pct":100},"statements":{"total":5,"covered":5,"skipped":0,"pct":100},"branches":{"total":0,"covered":0,"skipped":0,"pct":100}}
,"/Users/metadata/TestingProjects/lisit-challenge/src/hooks/useSwapi.ts": {"lines":{"total":14,"covered":7,"skipped":0,"pct":50},"functions":{"total":12,"covered":7,"skipped":0,"pct":58.33},"statements":{"total":16,"covered":9,"skipped":0,"pct":56.25},"branches":{"total":4,"covered":0,"skipped":0,"pct":0}}
,"/Users/metadata/TestingProjects/lisit-challenge/src/utils/functions.tsx": {"lines":{"total":18,"covered":15,"skipped":0,"pct":83.33},"functions":{"total":3,"covered":3,"skipped":0,"pct":100},"statements":{"total":18,"covered":15,"skipped":0,"pct":83.33},"branches":{"total":8,"covered":5,"skipped":0,"pct":62.5}}
}
