TN:
SF:src/DetailHOC.tsx
FN:28,(anonymous_0)
FN:29,(anonymous_1)
FN:37,(anonymous_2)
FN:54,formatString
FN:56,(anonymous_4)
FN:61,(anonymous_5)
FN:85,(anonymous_6)
FN:114,(anonymous_7)
FN:126,(anonymous_8)
FNF:9
FNH:5
FNDA:2,(anonymous_0)
FNDA:1,(anonymous_1)
FNDA:1,(anonymous_2)
FNDA:3,formatString
FNDA:10,(anonymous_4)
FNDA:0,(anonymous_5)
FNDA:0,(anonymous_6)
FNDA:0,(anonymous_7)
FNDA:0,(anonymous_8)
DA:28,1
DA:29,2
DA:30,1
DA:31,1
DA:32,1
DA:34,1
DA:37,1
DA:38,1
DA:39,0
DA:43,1
DA:55,3
DA:56,10
DA:57,3
DA:58,3
DA:61,1
DA:63,0
DA:64,0
DA:66,0
DA:86,0
DA:115,0
DA:126,0
LF:21
LH:14
BRDA:38,0,0,0
BRDA:38,0,1,1
BRDA:63,1,0,0
BRDA:63,1,1,0
BRDA:63,2,0,0
BRDA:63,2,1,0
BRDA:63,2,2,0
BRDA:74,3,0,0
BRDA:74,3,1,0
BRDA:75,4,0,0
BRDA:75,4,1,0
BRDA:78,5,0,0
BRDA:78,5,1,0
BRDA:82,6,0,0
BRDA:82,6,1,0
BRDA:88,7,0,0
BRDA:88,7,1,0
BRDA:88,7,2,0
BRDA:88,7,3,0
BRDA:88,7,4,0
BRDA:88,7,5,0
BRDA:104,8,0,0
BRDA:104,8,1,0
BRDA:104,8,2,0
BRDA:104,8,3,0
BRDA:113,9,0,0
BRDA:113,9,1,0
BRDA:126,10,0,0
BRDA:126,10,1,0
BRF:29
BRH:1
end_of_record
TN:
SF:src/ListHOC.tsx
FN:29,(anonymous_0)
FN:30,(anonymous_1)
FN:56,(anonymous_2)
FN:76,(anonymous_3)
FN:84,(anonymous_4)
FN:94,(anonymous_5)
FNF:6
FNH:4
FNDA:4,(anonymous_0)
FNDA:6,(anonymous_1)
FNDA:3,(anonymous_2)
FNDA:0,(anonymous_3)
FNDA:9,(anonymous_4)
FNDA:0,(anonymous_5)
DA:29,1
DA:30,4
DA:31,6
DA:32,6
DA:35,6
DA:41,6
DA:56,1
DA:68,3
DA:77,0
DA:78,0
DA:85,9
DA:95,0
LF:12
LH:9
BRDA:84,0,0,3
BRDA:84,0,1,3
BRDA:84,0,2,3
BRDA:88,1,0,3
BRDA:88,1,1,0
BRDA:89,2,0,3
BRDA:89,2,1,0
BRDA:90,3,0,0
BRDA:90,3,1,3
BRDA:90,4,0,3
BRDA:90,4,1,3
BRDA:92,5,0,3
BRDA:92,5,1,3
BRDA:92,5,2,3
BRF:14
BRH:11
end_of_record
TN:
SF:src/api/swapi.ts
FNF:0
FNH:0
DA:3,1
LF:1
LH:1
BRF:0
BRH:0
end_of_record
TN:
SF:src/components/Card.tsx
FN:12,(anonymous_0)
FN:24,(anonymous_1)
FN:29,(anonymous_2)
FN:46,(anonymous_3)
FN:118,(anonymous_4)
FNF:5
FNH:5
FNDA:10,(anonymous_0)
FNDA:10,(anonymous_1)
FNDA:10,(anonymous_2)
FNDA:10,(anonymous_3)
FNDA:10,(anonymous_4)
DA:12,3
DA:13,10
DA:20,10
DA:21,10
DA:24,3
DA:25,10
DA:26,10
DA:29,3
DA:30,10
DA:31,10
DA:32,1
DA:34,10
DA:35,0
DA:37,10
DA:38,0
DA:40,10
DA:41,0
DA:43,10
DA:46,3
DA:47,10
DA:118,3
DA:119,10
DA:120,10
DA:121,10
LF:24
LH:21
BRDA:31,0,0,1
BRDA:31,0,1,9
BRDA:34,1,0,0
BRDA:34,1,1,10
BRDA:37,2,0,0
BRDA:37,2,1,10
BRDA:40,3,0,0
BRDA:40,3,1,10
BRDA:65,4,0,10
BRDA:65,4,1,1
BRDA:65,4,2,1
BRDA:77,5,0,10
BRDA:77,5,1,1
BRDA:77,5,2,1
BRDA:89,6,0,10
BRDA:89,6,1,0
BRDA:89,6,2,0
BRDA:101,7,0,10
BRDA:101,7,1,0
BRDA:101,7,2,0
BRDA:118,8,0,1
BRF:21
BRH:14
end_of_record
TN:
SF:src/components/Header.tsx
FN:19,Header
FN:23,(anonymous_1)
FN:24,(anonymous_2)
FN:27,(anonymous_3)
FN:43,(anonymous_4)
FN:47,(anonymous_5)
FN:60,(anonymous_6)
FN:87,(anonymous_7)
FNF:8
FNH:4
FNDA:3,Header
FNDA:0,(anonymous_1)
FNDA:0,(anonymous_2)
FNDA:9,(anonymous_3)
FNDA:9,(anonymous_4)
FNDA:0,(anonymous_5)
FNDA:0,(anonymous_6)
FNDA:9,(anonymous_7)
DA:16,2
DA:17,2
DA:20,3
DA:21,3
DA:23,3
DA:24,0
DA:27,3
DA:28,9
DA:29,9
DA:30,3
DA:31,6
DA:35,3
DA:44,9
DA:48,0
DA:60,3
DA:62,3
DA:88,9
LF:17
LH:15
BRDA:29,0,0,3
BRDA:29,0,1,6
BRDA:60,1,0,0
BRDA:60,1,1,3
BRF:4
BRH:3
end_of_record
TN:
SF:src/components/InputSearch.tsx
FN:22,InputSearch
FN:27,(anonymous_1)
FN:31,(anonymous_2)
FN:44,(anonymous_3)
FN:53,(anonymous_4)
FNF:5
FNH:5
FNDA:5,InputSearch
FNDA:1,(anonymous_1)
FNDA:1,(anonymous_2)
FNDA:1,(anonymous_3)
FNDA:1,(anonymous_4)
DA:25,5
DA:27,5
DA:28,1
DA:31,5
DA:32,1
DA:34,1
DA:35,1
DA:39,5
DA:44,1
DA:53,1
LF:10
LH:10
BRDA:34,0,0,1
BRDA:34,0,1,0
BRF:2
BRH:1
end_of_record
TN:
SF:src/components/Layout.tsx
FN:4,(anonymous_0)
FNF:1
FNH:1
FNDA:1,(anonymous_0)
DA:4,1
DA:5,1
LF:2
LH:2
BRF:0
BRH:0
end_of_record
TN:
SF:src/components/Pagination.tsx
FN:13,BasicPagination
FN:16,(anonymous_1)
FNF:2
FNH:2
FNDA:5,BasicPagination
FNDA:4,(anonymous_1)
DA:15,5
DA:16,5
DA:17,4
DA:18,4
DA:20,5
LF:5
LH:5
BRF:0
BRH:0
end_of_record
TN:
SF:src/hooks/useSwapi.ts
FN:5,generateRequest
FN:10,useGenerateRequest
FN:13,(anonymous_2)
FN:17,generateRequestById
FN:22,useGenerateRequestById
FN:26,(anonymous_5)
FN:30,generateRequestByUrl
FN:34,getAllResidents
FN:35,(anonymous_8)
FN:36,(anonymous_9)
FN:40,useGetAllResidents
FN:43,(anonymous_11)
FNF:12
FNH:7
FNDA:0,generateRequest
FNDA:1,useGenerateRequest
FNDA:0,(anonymous_2)
FNDA:0,generateRequestById
FNDA:1,useGenerateRequestById
FNDA:0,(anonymous_5)
FNDA:3,generateRequestByUrl
FNDA:1,getAllResidents
FNDA:2,(anonymous_8)
FNDA:2,(anonymous_9)
FNDA:1,useGetAllResidents
FNDA:0,(anonymous_11)
DA:6,0
DA:7,0
DA:11,1
DA:13,0
DA:18,0
DA:19,0
DA:24,1
DA:26,0
DA:31,3
DA:35,2
DA:36,2
DA:37,1
DA:41,1
DA:43,0
LF:14
LH:7
BRDA:10,0,0,0
BRDA:10,1,0,0
BRDA:10,2,0,0
BRDA:22,3,0,0
BRF:4
BRH:0
end_of_record
