TN:
SF:src/DetailHOC.tsx
FN:25,(anonymous_0)
FN:26,(anonymous_1)
FN:34,(anonymous_2)
FN:52,formatString
FN:54,(anonymous_4)
FN:59,(anonymous_5)
FN:83,(anonymous_6)
FN:112,(anonymous_7)
FN:124,(anonymous_8)
FNF:9
FNH:5
FNDA:2,(anonymous_0)
FNDA:1,(anonymous_1)
FNDA:1,(anonymous_2)
FNDA:3,formatString
FNDA:10,(anonymous_4)
FNDA:0,(anonymous_5)
FNDA:0,(anonymous_6)
FNDA:0,(anonymous_7)
FNDA:0,(anonymous_8)
DA:25,1
DA:26,2
DA:27,1
DA:28,1
DA:29,1
DA:31,1
DA:34,1
DA:35,1
DA:36,0
DA:40,1
DA:53,3
DA:54,10
DA:55,3
DA:56,3
DA:59,1
DA:61,0
DA:62,0
DA:64,0
DA:84,0
DA:113,0
DA:124,0
LF:21
LH:14
BRDA:28,0,0,1
BRDA:28,0,1,0
BRDA:35,1,0,0
BRDA:35,1,1,1
BRDA:61,2,0,0
BRDA:61,2,1,0
BRDA:61,3,0,0
BRDA:61,3,1,0
BRDA:61,3,2,0
BRDA:72,4,0,0
BRDA:72,4,1,0
BRDA:73,5,0,0
BRDA:73,5,1,0
BRDA:76,6,0,0
BRDA:76,6,1,0
BRDA:80,7,0,0
BRDA:80,7,1,0
BRDA:86,8,0,0
BRDA:86,8,1,0
BRDA:86,8,2,0
BRDA:86,8,3,0
BRDA:86,8,4,0
BRDA:86,8,5,0
BRDA:102,9,0,0
BRDA:102,9,1,0
BRDA:102,9,2,0
BRDA:102,9,3,0
BRDA:111,10,0,0
BRDA:111,10,1,0
BRDA:124,11,0,0
BRDA:124,11,1,0
BRF:31
BRH:2
end_of_record
TN:
SF:src/ListHOC.tsx
FN:29,(anonymous_0)
FN:30,(anonymous_1)
FN:56,(anonymous_2)
FN:77,(anonymous_3)
FN:85,(anonymous_4)
FN:95,(anonymous_5)
FNF:6
FNH:4
FNDA:6,(anonymous_0)
FNDA:10,(anonymous_1)
FNDA:5,(anonymous_2)
FNDA:0,(anonymous_3)
FNDA:15,(anonymous_4)
FNDA:0,(anonymous_5)
DA:29,1
DA:30,6
DA:31,10
DA:32,10
DA:35,10
DA:41,10
DA:56,1
DA:68,5
DA:78,0
DA:79,0
DA:86,15
DA:96,0
LF:12
LH:9
BRDA:85,0,0,5
BRDA:85,0,1,5
BRDA:85,0,2,5
BRDA:89,1,0,5
BRDA:89,1,1,0
BRDA:90,2,0,5
BRDA:90,2,1,0
BRDA:91,3,0,0
BRDA:91,3,1,5
BRDA:91,4,0,5
BRDA:91,4,1,5
BRDA:93,5,0,5
BRDA:93,5,1,5
BRDA:93,5,2,5
BRF:14
BRH:11
end_of_record
TN:
SF:src/api/swapi.ts
FNF:0
FNH:0
DA:3,1
LF:1
LH:1
BRF:0
BRH:0
end_of_record
TN:
SF:src/components/Card.tsx
FN:12,(anonymous_0)
FN:84,(anonymous_1)
FNF:2
FNH:2
FNDA:16,(anonymous_0)
FNDA:16,(anonymous_1)
DA:12,3
DA:13,16
DA:84,3
DA:85,16
DA:86,16
DA:87,16
LF:6
LH:6
BRDA:31,0,0,16
BRDA:31,0,1,1
BRDA:31,0,2,1
BRDA:43,1,0,16
BRDA:43,1,1,1
BRDA:43,1,2,1
BRDA:55,2,0,16
BRDA:55,2,1,0
BRDA:55,2,2,0
BRDA:67,3,0,16
BRDA:67,3,1,0
BRDA:67,3,2,0
BRDA:84,4,0,1
BRF:13
BRH:9
end_of_record
TN:
SF:src/components/Header.tsx
FN:15,Header
FN:19,(anonymous_1)
FN:20,(anonymous_2)
FN:23,(anonymous_3)
FN:39,(anonymous_4)
FN:43,(anonymous_5)
FN:56,(anonymous_6)
FN:84,(anonymous_7)
FNF:8
FNH:6
FNDA:6,Header
FNDA:1,(anonymous_1)
FNDA:1,(anonymous_2)
FNDA:15,(anonymous_3)
FNDA:15,(anonymous_4)
FNDA:0,(anonymous_5)
FNDA:0,(anonymous_6)
FNDA:15,(anonymous_7)
DA:12,2
DA:13,2
DA:16,6
DA:17,5
DA:19,5
DA:20,1
DA:23,5
DA:24,15
DA:25,15
DA:26,5
DA:27,10
DA:31,5
DA:40,15
DA:44,0
DA:56,5
DA:58,5
DA:85,15
LF:17
LH:16
BRDA:25,0,0,5
BRDA:25,0,1,10
BRDA:56,1,0,0
BRDA:56,1,1,5
BRF:4
BRH:3
end_of_record
TN:
SF:src/components/InputSearch.tsx
FN:21,InputSearch
FN:26,(anonymous_1)
FN:30,(anonymous_2)
FN:44,(anonymous_3)
FN:53,(anonymous_4)
FNF:5
FNH:5
FNDA:8,InputSearch
FNDA:2,(anonymous_1)
FNDA:1,(anonymous_2)
FNDA:2,(anonymous_3)
FNDA:1,(anonymous_4)
DA:24,8
DA:26,8
DA:27,2
DA:30,8
DA:31,1
DA:33,1
DA:34,1
DA:38,8
DA:44,2
DA:53,1
LF:10
LH:10
BRDA:33,0,0,1
BRDA:33,0,1,0
BRF:2
BRH:1
end_of_record
TN:
SF:src/components/Layout.tsx
FN:4,(anonymous_0)
FNF:1
FNH:1
FNDA:1,(anonymous_0)
DA:4,1
DA:5,1
LF:2
LH:2
BRF:0
BRH:0
end_of_record
TN:
SF:src/components/Pagination.tsx
FN:13,BasicPagination
FN:16,(anonymous_1)
FNF:2
FNH:2
FNDA:7,BasicPagination
FNDA:6,(anonymous_1)
DA:15,7
DA:16,7
DA:17,6
DA:18,6
DA:20,7
LF:5
LH:5
BRF:0
BRH:0
end_of_record
TN:
SF:src/hooks/useSwapi.ts
FN:20,generateRequest
FN:25,useGenerateRequest
FN:28,(anonymous_2)
FN:32,generateRequestById
FN:37,useGenerateRequestById
FN:41,(anonymous_5)
FN:45,generateRequestByUrl
FN:49,getAllResidents
FN:50,(anonymous_8)
FN:51,(anonymous_9)
FN:55,useGetAllResidents
FN:58,(anonymous_11)
FNF:12
FNH:7
FNDA:0,generateRequest
FNDA:1,useGenerateRequest
FNDA:0,(anonymous_2)
FNDA:0,generateRequestById
FNDA:1,useGenerateRequestById
FNDA:0,(anonymous_5)
FNDA:3,generateRequestByUrl
FNDA:1,getAllResidents
FNDA:2,(anonymous_8)
FNDA:2,(anonymous_9)
FNDA:1,useGetAllResidents
FNDA:0,(anonymous_11)
DA:21,0
DA:22,0
DA:26,1
DA:28,0
DA:33,0
DA:34,0
DA:39,1
DA:41,0
DA:46,3
DA:50,2
DA:51,2
DA:52,1
DA:56,1
DA:58,0
LF:14
LH:7
BRDA:25,0,0,0
BRDA:25,1,0,0
BRDA:25,2,0,0
BRDA:37,3,0,0
BRF:4
BRH:0
end_of_record
TN:
SF:src/utils/functions.tsx
FN:1,(anonymous_0)
FN:13,(anonymous_1)
FN:18,(anonymous_2)
FNF:3
FNH:3
FNDA:16,(anonymous_0)
FNDA:16,(anonymous_1)
FNDA:16,(anonymous_2)
DA:1,3
DA:2,16
DA:9,16
DA:10,16
DA:13,3
DA:14,16
DA:15,16
DA:18,3
DA:19,16
DA:20,16
DA:21,1
DA:23,16
DA:24,0
DA:26,16
DA:27,0
DA:29,16
DA:30,0
DA:32,16
LF:18
LH:15
BRDA:20,0,0,1
BRDA:20,0,1,15
BRDA:23,1,0,0
BRDA:23,1,1,16
BRDA:26,2,0,0
BRDA:26,2,1,16
BRDA:29,3,0,0
BRDA:29,3,1,16
BRF:8
BRH:5
end_of_record
